Determining if the pthread_create exist failed with the following output:
Change Dir: /home/rhexlover/ce216project/build/CMakeFiles/CMakeTmp

Run Build Command:/usr/bin/make "cmTryCompileExec3706717231/fast"
/usr/bin/make -f CMakeFiles/cmTryCompileExec3706717231.dir/build.make CMakeFiles/cmTryCompileExec3706717231.dir/build
make[1]: Entering directory `/home/rhexlover/ce216project/build/CMakeFiles/CMakeTmp'
/usr/bin/cmake -E cmake_progress_report /home/rhexlover/ce216project/build/CMakeFiles/CMakeTmp/CMakeFiles 1
Building C object CMakeFiles/cmTryCompileExec3706717231.dir/CheckSymbolExists.c.o
/usr/bin/cc    -o CMakeFiles/cmTryCompileExec3706717231.dir/CheckSymbolExists.c.o   -c /home/rhexlover/ce216project/build/CMakeFiles/CMakeTmp/CheckSymbolExists.c
Linking C executable cmTryCompileExec3706717231
/usr/bin/cmake -E cmake_link_script CMakeFiles/cmTryCompileExec3706717231.dir/link.txt --verbose=1
/usr/bin/cc       CMakeFiles/cmTryCompileExec3706717231.dir/CheckSymbolExists.c.o  -o cmTryCompileExec3706717231 -rdynamic 
CMakeFiles/cmTryCompileExec3706717231.dir/CheckSymbolExists.c.o: In function `main':
CheckSymbolExists.c:(.text+0x16): undefined reference to `pthread_create'
collect2: error: ld returned 1 exit status
make[1]: *** [cmTryCompileExec3706717231] Error 1
make[1]: Leaving directory `/home/rhexlover/ce216project/build/CMakeFiles/CMakeTmp'
make: *** [cmTryCompileExec3706717231/fast] Error 2

File /home/rhexlover/ce216project/build/CMakeFiles/CMakeTmp/CheckSymbolExists.c:
/* */
#include <pthread.h>

int main(int argc, char** argv)
{
  (void)argv;
#ifndef pthread_create
  return ((int*)(&pthread_create))[argc];
#else
  (void)argc;
  return 0;
#endif
}

Determining if the function pthread_create exists in the pthreads failed with the following output:
Change Dir: /home/rhexlover/ce216project/build/CMakeFiles/CMakeTmp

Run Build Command:/usr/bin/make "cmTryCompileExec1359452441/fast"
/usr/bin/make -f CMakeFiles/cmTryCompileExec1359452441.dir/build.make CMakeFiles/cmTryCompileExec1359452441.dir/build
make[1]: Entering directory `/home/rhexlover/ce216project/build/CMakeFiles/CMakeTmp'
/usr/bin/cmake -E cmake_progress_report /home/rhexlover/ce216project/build/CMakeFiles/CMakeTmp/CMakeFiles 1
Building C object CMakeFiles/cmTryCompileExec1359452441.dir/CheckFunctionExists.c.o
/usr/bin/cc   -DCHECK_FUNCTION_EXISTS=pthread_create   -o CMakeFiles/cmTryCompileExec1359452441.dir/CheckFunctionExists.c.o   -c /usr/share/cmake-2.8/Modules/CheckFunctionExists.c
Linking C executable cmTryCompileExec1359452441
/usr/bin/cmake -E cmake_link_script CMakeFiles/cmTryCompileExec1359452441.dir/link.txt --verbose=1
/usr/bin/cc   -DCHECK_FUNCTION_EXISTS=pthread_create    CMakeFiles/cmTryCompileExec1359452441.dir/CheckFunctionExists.c.o  -o cmTryCompileExec1359452441 -rdynamic -lpthreads 
/usr/bin/ld: cannot find -lpthreads
collect2: error: ld returned 1 exit status
make[1]: Leaving directory `/home/rhexlover/ce216project/build/CMakeFiles/CMakeTmp'
make[1]: *** [cmTryCompileExec1359452441] Error 1
make: *** [cmTryCompileExec1359452441/fast] Error 2


